0 info it worked if it ends with ok
1 verbose cli [ '/usr/local/bin/node', '/usr/local/bin/npm', 'i', '-g', 'git' ]
2 info using npm@3.10.10
3 info using node@v6.10.3
4 silly loadCurrentTree Starting
5 silly install loadCurrentTree
6 silly install readGlobalPackageData
7 silly fetchPackageMetaData git
8 silly fetchNamedPackageData git
9 silly mapToRegistry name git
10 silly mapToRegistry using default registry
11 silly mapToRegistry registry https://registry.npmjs.org/
12 silly mapToRegistry data Result {
12 silly mapToRegistry   raw: 'git',
12 silly mapToRegistry   scope: null,
12 silly mapToRegistry   escapedName: 'git',
12 silly mapToRegistry   name: 'git',
12 silly mapToRegistry   rawSpec: '',
12 silly mapToRegistry   spec: 'latest',
12 silly mapToRegistry   type: 'tag' }
13 silly mapToRegistry uri https://registry.npmjs.org/git
14 verbose request uri https://registry.npmjs.org/git
15 verbose request no auth needed
16 info attempt registry request try #1 at 10:31:21 PM
17 verbose request id a081cea21e83c66a
18 http request GET https://registry.npmjs.org/git
19 http 200 https://registry.npmjs.org/git
20 verbose headers { server: 'nginx/1.10.1',
20 verbose headers   'content-type': 'application/json',
20 verbose headers   'last-modified': 'Mon, 20 Feb 2017 03:16:08 GMT',
20 verbose headers   etag: 'W/"58aa5f78-278b"',
20 verbose headers   'content-encoding': 'gzip',
20 verbose headers   'cache-control': 'max-age=300',
20 verbose headers   'content-length': '2304',
20 verbose headers   'accept-ranges': 'bytes',
20 verbose headers   date: 'Sat, 03 Jun 2017 20:31:21 GMT',
20 verbose headers   via: '1.1 varnish',
20 verbose headers   age: '0',
20 verbose headers   connection: 'keep-alive',
20 verbose headers   'x-served-by': 'cache-ams4427-AMS',
20 verbose headers   'x-cache': 'MISS',
20 verbose headers   'x-cache-hits': '0',
20 verbose headers   'x-timer': 'S1496521882.668352,VS0,VE65',
20 verbose headers   vary: 'Accept-Encoding' }
21 silly get cb [ 200,
21 silly get   { server: 'nginx/1.10.1',
21 silly get     'content-type': 'application/json',
21 silly get     'last-modified': 'Mon, 20 Feb 2017 03:16:08 GMT',
21 silly get     etag: 'W/"58aa5f78-278b"',
21 silly get     'content-encoding': 'gzip',
21 silly get     'cache-control': 'max-age=300',
21 silly get     'content-length': '2304',
21 silly get     'accept-ranges': 'bytes',
21 silly get     date: 'Sat, 03 Jun 2017 20:31:21 GMT',
21 silly get     via: '1.1 varnish',
21 silly get     age: '0',
21 silly get     connection: 'keep-alive',
21 silly get     'x-served-by': 'cache-ams4427-AMS',
21 silly get     'x-cache': 'MISS',
21 silly get     'x-cache-hits': '0',
21 silly get     'x-timer': 'S1496521882.668352,VS0,VE65',
21 silly get     vary: 'Accept-Encoding' } ]
22 verbose get saving git to /Users/Jenneke/.npm/registry.npmjs.org/git/.cache.json
23 verbose correctMkdir /Users/Jenneke/.npm correctMkdir not in flight; initializing
24 silly install normalizeTree
25 silly loadCurrentTree Finishing
26 silly loadIdealTree Starting
27 silly install loadIdealTree
28 silly cloneCurrentTree Starting
29 silly install cloneCurrentTreeToIdealTree
30 silly cloneCurrentTree Finishing
31 silly loadShrinkwrap Starting
32 silly install loadShrinkwrap
33 silly loadShrinkwrap Finishing
34 silly loadAllDepsIntoIdealTree Starting
35 silly install loadAllDepsIntoIdealTree
36 silly resolveWithNewModule git@0.1.5 checking installable status
37 silly cache add args [ 'git', null ]
38 verbose cache add spec git
39 silly cache add parsed spec Result {
39 silly cache add   raw: 'git',
39 silly cache add   scope: null,
39 silly cache add   escapedName: 'git',
39 silly cache add   name: 'git',
39 silly cache add   rawSpec: '',
39 silly cache add   spec: 'latest',
39 silly cache add   type: 'tag' }
40 silly addNamed git@latest
41 verbose addNamed "latest" is being treated as a dist-tag for git
42 info addNameTag [ 'git', 'latest' ]
43 silly mapToRegistry name git
44 silly mapToRegistry using default registry
45 silly mapToRegistry registry https://registry.npmjs.org/
46 silly mapToRegistry data Result {
46 silly mapToRegistry   raw: 'git',
46 silly mapToRegistry   scope: null,
46 silly mapToRegistry   escapedName: 'git',
46 silly mapToRegistry   name: 'git',
46 silly mapToRegistry   rawSpec: '',
46 silly mapToRegistry   spec: 'latest',
46 silly mapToRegistry   type: 'tag' }
47 silly mapToRegistry uri https://registry.npmjs.org/git
48 verbose addNameTag registry:https://registry.npmjs.org/git not in flight; fetching
49 verbose get https://registry.npmjs.org/git not expired, no request
50 silly addNameTag next cb for git with tag latest
51 silly addNamed git@0.1.5
52 verbose addNamed "0.1.5" is a plain semver version for git
53 silly mapToRegistry name git
54 silly mapToRegistry using default registry
55 silly mapToRegistry registry https://registry.npmjs.org/
56 silly mapToRegistry data Result {
56 silly mapToRegistry   raw: 'git',
56 silly mapToRegistry   scope: null,
56 silly mapToRegistry   escapedName: 'git',
56 silly mapToRegistry   name: 'git',
56 silly mapToRegistry   rawSpec: '',
56 silly mapToRegistry   spec: 'latest',
56 silly mapToRegistry   type: 'tag' }
57 silly mapToRegistry uri https://registry.npmjs.org/git
58 verbose addRemoteTarball https://registry.npmjs.org/git/-/git-0.1.5.tgz not in flight; adding
59 verbose addRemoteTarball [ 'https://registry.npmjs.org/git/-/git-0.1.5.tgz',
59 verbose addRemoteTarball   '9ef62df93f851c27542143bf52d1c68b1017ca15' ]
60 info retry fetch attempt 1 at 10:31:21 PM
61 info attempt registry request try #1 at 10:31:21 PM
62 http fetch GET https://registry.npmjs.org/git/-/git-0.1.5.tgz
63 http fetch 200 https://registry.npmjs.org/git/-/git-0.1.5.tgz
64 silly fetchAndShaCheck shasum 9ef62df93f851c27542143bf52d1c68b1017ca15
65 verbose addTmpTarball /var/folders/zf/z4js54bd3nb35f5l6_7t3n580000gn/T/npm-1511-d6a8bb1a/registry.npmjs.org/git/-/git-0.1.5.tgz not in flight; adding
66 verbose addTmpTarball already have metadata; skipping unpack for git@0.1.5
67 verbose correctMkdir /Users/Jenneke/.npm correctMkdir not in flight; initializing
68 silly cache afterAdd git@0.1.5
69 verbose afterAdd /Users/Jenneke/.npm/git/0.1.5/package/package.json not in flight; writing
70 verbose correctMkdir /Users/Jenneke/.npm correctMkdir not in flight; initializing
71 verbose afterAdd /Users/Jenneke/.npm/git/0.1.5/package/package.json written
72 silly fetchNamedPackageData mime
73 silly mapToRegistry name mime
74 silly mapToRegistry using default registry
75 silly mapToRegistry registry https://registry.npmjs.org/
76 silly mapToRegistry data Result {
76 silly mapToRegistry   raw: 'mime',
76 silly mapToRegistry   scope: null,
76 silly mapToRegistry   escapedName: 'mime',
76 silly mapToRegistry   name: 'mime',
76 silly mapToRegistry   rawSpec: '',
76 silly mapToRegistry   spec: 'latest',
76 silly mapToRegistry   type: 'tag' }
77 silly mapToRegistry uri https://registry.npmjs.org/mime
78 verbose request uri https://registry.npmjs.org/mime
79 verbose request no auth needed
80 info attempt registry request try #1 at 10:31:21 PM
81 verbose etag W/"59154193-5c9e"
82 verbose lastModified Fri, 12 May 2017 05:01:07 GMT
83 http request GET https://registry.npmjs.org/mime
84 http 200 https://registry.npmjs.org/mime
85 verbose headers { server: 'nginx/1.10.1',
85 verbose headers   'content-type': 'application/json',
85 verbose headers   'last-modified': 'Sat, 03 Jun 2017 16:01:12 GMT',
85 verbose headers   etag: 'W/"5932dd48-5cae"',
85 verbose headers   'content-encoding': 'gzip',
85 verbose headers   'cache-control': 'max-age=300',
85 verbose headers   'content-length': '4385',
85 verbose headers   'accept-ranges': 'bytes',
85 verbose headers   date: 'Sat, 03 Jun 2017 20:31:21 GMT',
85 verbose headers   via: '1.1 varnish',
85 verbose headers   age: '0',
85 verbose headers   connection: 'keep-alive',
85 verbose headers   'x-served-by': 'cache-ams4427-AMS',
85 verbose headers   'x-cache': 'HIT',
85 verbose headers   'x-cache-hits': '1',
85 verbose headers   'x-timer': 'S1496521882.872064,VS0,VE65',
85 verbose headers   vary: 'Accept-Encoding' }
86 silly get cb [ 200,
86 silly get   { server: 'nginx/1.10.1',
86 silly get     'content-type': 'application/json',
86 silly get     'last-modified': 'Sat, 03 Jun 2017 16:01:12 GMT',
86 silly get     etag: 'W/"5932dd48-5cae"',
86 silly get     'content-encoding': 'gzip',
86 silly get     'cache-control': 'max-age=300',
86 silly get     'content-length': '4385',
86 silly get     'accept-ranges': 'bytes',
86 silly get     date: 'Sat, 03 Jun 2017 20:31:21 GMT',
86 silly get     via: '1.1 varnish',
86 silly get     age: '0',
86 silly get     connection: 'keep-alive',
86 silly get     'x-served-by': 'cache-ams4427-AMS',
86 silly get     'x-cache': 'HIT',
86 silly get     'x-cache-hits': '1',
86 silly get     'x-timer': 'S1496521882.872064,VS0,VE65',
86 silly get     vary: 'Accept-Encoding' } ]
87 verbose get saving mime to /Users/Jenneke/.npm/registry.npmjs.org/mime/.cache.json
88 verbose correctMkdir /Users/Jenneke/.npm correctMkdir not in flight; initializing
89 silly resolveWithNewModule mime@1.2.9 checking installable status
90 silly cache add args [ 'mime@1.2.9', null ]
91 verbose cache add spec mime@1.2.9
92 silly cache add parsed spec Result {
92 silly cache add   raw: 'mime@1.2.9',
92 silly cache add   scope: null,
92 silly cache add   escapedName: 'mime',
92 silly cache add   name: 'mime',
92 silly cache add   rawSpec: '1.2.9',
92 silly cache add   spec: '1.2.9',
92 silly cache add   type: 'version' }
93 silly addNamed mime@1.2.9
94 verbose addNamed "1.2.9" is a plain semver version for mime
95 silly mapToRegistry name mime
96 silly mapToRegistry using default registry
97 silly mapToRegistry registry https://registry.npmjs.org/
98 silly mapToRegistry data Result {
98 silly mapToRegistry   raw: 'mime',
98 silly mapToRegistry   scope: null,
98 silly mapToRegistry   escapedName: 'mime',
98 silly mapToRegistry   name: 'mime',
98 silly mapToRegistry   rawSpec: '',
98 silly mapToRegistry   spec: 'latest',
98 silly mapToRegistry   type: 'tag' }
99 silly mapToRegistry uri https://registry.npmjs.org/mime
100 verbose addNameVersion registry:https://registry.npmjs.org/mime not in flight; fetching
101 verbose get https://registry.npmjs.org/mime not expired, no request
102 silly mapToRegistry name mime
103 silly mapToRegistry using default registry
104 silly mapToRegistry registry https://registry.npmjs.org/
105 silly mapToRegistry data Result {
105 silly mapToRegistry   raw: 'mime',
105 silly mapToRegistry   scope: null,
105 silly mapToRegistry   escapedName: 'mime',
105 silly mapToRegistry   name: 'mime',
105 silly mapToRegistry   rawSpec: '',
105 silly mapToRegistry   spec: 'latest',
105 silly mapToRegistry   type: 'tag' }
106 silly mapToRegistry uri https://registry.npmjs.org/mime
107 verbose addRemoteTarball https://registry.npmjs.org/mime/-/mime-1.2.9.tgz not in flight; adding
108 verbose addRemoteTarball [ 'https://registry.npmjs.org/mime/-/mime-1.2.9.tgz',
108 verbose addRemoteTarball   '009cd40867bd35de521b3b966f04e2f8d4d13d09' ]
109 info retry fetch attempt 1 at 10:31:21 PM
110 info attempt registry request try #1 at 10:31:21 PM
111 http fetch GET https://registry.npmjs.org/mime/-/mime-1.2.9.tgz
112 http fetch 200 https://registry.npmjs.org/mime/-/mime-1.2.9.tgz
113 silly fetchAndShaCheck shasum 009cd40867bd35de521b3b966f04e2f8d4d13d09
114 verbose addTmpTarball /var/folders/zf/z4js54bd3nb35f5l6_7t3n580000gn/T/npm-1511-d6a8bb1a/registry.npmjs.org/mime/-/mime-1.2.9.tgz not in flight; adding
115 verbose addTmpTarball already have metadata; skipping unpack for mime@1.2.9
116 verbose correctMkdir /Users/Jenneke/.npm correctMkdir not in flight; initializing
117 silly cache afterAdd mime@1.2.9
118 verbose afterAdd /Users/Jenneke/.npm/mime/1.2.9/package/package.json not in flight; writing
119 verbose correctMkdir /Users/Jenneke/.npm correctMkdir not in flight; initializing
120 verbose afterAdd /Users/Jenneke/.npm/mime/1.2.9/package/package.json written
121 silly loadAllDepsIntoIdealTree Finishing
122 silly loadIdealTree Finishing
123 silly currentTree lib
124 silly idealTree lib
124 silly idealTree └─┬ git@0.1.5
124 silly idealTree   └── mime@1.2.9
125 silly generateActionsToTake Starting
126 silly install generateActionsToTake
127 warn checkPermissions Missing write access to /usr/local/lib/node_modules
128 silly rollbackFailedOptional Starting
129 silly rollbackFailedOptional Finishing
130 silly runTopLevelLifecycles Finishing
131 silly install printInstalled
132 verbose stack Error: EACCES: permission denied, access '/usr/local/lib/node_modules'
132 verbose stack     at Error (native)
133 verbose cwd /Users/Jenneke/Sites/phaser-hippo
134 error Darwin 15.6.0
135 error argv "/usr/local/bin/node" "/usr/local/bin/npm" "i" "-g" "git"
136 error node v6.10.3
137 error npm  v3.10.10
138 error path /usr/local/lib/node_modules
139 error code EACCES
140 error errno -13
141 error syscall access
142 error Error: EACCES: permission denied, access '/usr/local/lib/node_modules'
142 error     at Error (native)
142 error  { Error: EACCES: permission denied, access '/usr/local/lib/node_modules'
142 error     at Error (native)
142 error   errno: -13,
142 error   code: 'EACCES',
142 error   syscall: 'access',
142 error   path: '/usr/local/lib/node_modules' }
143 error Please try running this command again as root/Administrator.
144 verbose exit [ -13, true ]
